<?xml version="1.0" encoding="UTF-8"?>
<!-- Generated by org.testng.reporters.JUnitReportReporter -->
<testsuite hostname="EPCNSZXW0197" name="scenarios.PLPWishListTest" tests="1" failures="0" timestamp="3 Mar 2016 07:53:11 GMT" time="18.549" errors="0">
  <testcase name="testScenario" time="18.549" classname="scenarios.PLPWishListTest"/>
</testsuite> <!-- scenarios.PLPWishListTest -->
